***[LOGGER]*** [error at 24-05-12 18:05:80] Log: Una info
***[LOGGER]*** [error at 24-05-12 22:05:98] Log: Faltan ingresar los siguientes campos: price --from-- /api/products
***[LOGGER]*** [error at 24-05-12 22:05:15] Log: undefined --from-- /api/products
***[LOGGER]*** [error at 24-05-12 22:05:84] Log: Error Type:IncompleteFieldsError in POST - /api/products from ::1
***[LOGGER]*** [error at 24-05-12 22:05:38] Log: Error Type:IncompleteFieldsError in POST - /api/products from ::1
***[LOGGER]*** [error at 24-05-12 22:05:93] Log: Error Type:IncompleteFieldsError in POST - /api/products from ::1
***[LOGGER]*** [error at 24-05-12 22:05:27] Log: Error Type:IncompleteFieldsError in POST - /api/products from ::1
***[LOGGER]*** [error at 24-05-12 22:05:66] Log: Error Type:IncompleteFieldsError in POST - /api/sessions/registrarse from ::1
***[LOGGER]*** [error at 24-05-13 00:05:20] Log: Type:usersServiceErrors in POST - /api/sessions/login from ::1
***[LOGGER]*** [error at 24-05-13 00:05:79] Log: Type:usersServiceErrors in POST - /api/sessions/login from ::1
***[LOGGER]*** [error at 24-05-13 00:05:47] Log: Type:usersServiceErrors in POST - /api/sessions/login from ::1
***[LOGGER]*** [error at 24-05-13 01:05:05] Log: Type:usersServiceErrors in POST - /api/sessions/login from ::1
***[LOGGER]*** [error at 24-05-14 01:05:63] Log: Type:UsersServiceErrors in POST - /api/sessions/login from ::1
***[LOGGER]*** [error at 24-05-14 01:05:14] Log: Type:UsersServiceErrors in POST - /api/sessions/login from ::1
***[LOGGER]*** [error at 24-05-14 01:05:64] Log: Type:UsersServiceErrors in POST - /api/sessions/registrarse from ::1
***[LOGGER]*** [error at 24-05-15 15:05:90] Log: Type:InternalServerError in POST - /api/sessions/registrarse from ::1
***[LOGGER]*** [error at 24-05-15 15:05:93] Log: Type:InternalServerError in POST - /api/sessions/registrarse from ::1
***[LOGGER]*** [error at 24-05-15 15:05:94] Log: Type:InternalServerError in POST - /api/sessions/registrarse from ::1
***[LOGGER]*** [error at 24-05-15 15:05:54] Log: Type:InternalServerError in POST - /api/sessions/registrarse from ::1
***[LOGGER]*** [error at 24-05-15 15:05:55] Log: Type:InternalServerError in POST - /api/sessions/registrarse from ::1
***[LOGGER]*** [error at 24-05-15 15:05:56] Log: Type:InternalServerError in POST - /api/sessions/registrarse from ::1
***[LOGGER]*** [error at 24-05-15 16:05:06] Log: Type:InternalServerError in POST - /api/sessions/registrarse from ::1
***[LOGGER]*** [error at 24-05-15 16:05:07] Log: Type:InternalServerError in POST - /api/sessions/registrarse from ::1
***[LOGGER]*** [error at 24-05-15 16:05:10] Log: Type:InternalServerError in POST - /api/sessions/registrarse from ::1
***[LOGGER]*** [error at 24-05-15 16:05:28] Log: Type:InternalServerError in POST - /api/sessions/registrarse from ::1
***[LOGGER]*** [error at 24-05-15 16:05:31] Log: Type:InternalServerError in POST - /api/sessions/registrarse from ::1
***[LOGGER]*** [error at 24-05-15 16:05:31] Log: Type:InternalServerError in POST - /api/sessions/registrarse from ::1
***[LOGGER]*** [error at 24-05-15 17:05:94] Log: Type:InternalServerError in GET - /api/carts/45444 from ::1
***[LOGGER]*** [error at 24-05-15 17:05:04] Log: Type:InternalServerError in GET - /api/carts/66450823eee3a0e616f3bf45aaaaaaaaaaaaaa from ::1
***[LOGGER]*** [error at 24-05-15 18:05:22] Log: Type:InternalServerError in GET - /api/carts/66450823eee3a0e616f3bf45aaaaaaaaaaaaaa from ::1
***[LOGGER]*** [error at 24-05-15 18:05:98] Log: Type:InternalServerError in GET - /api/carts/66450823eee3a0e616f3bf46 from ::1
***[LOGGER]*** [error at 24-05-15 23:05:26] Log: Type:InternalServerError in GET - /views/664504dc6cccb495261b2fcc/singlepurchase/1/66450823eee3a0e616f3bf56 from ::1
***[LOGGER]*** [error at 24-05-15 23:05:45] Log: Type:InternalServerError in GET - /views/664504dc6cccb495261b2fcd/singlepurchase/1/66450823eee3a0e616f3bf56 from ::1
***[LOGGER]*** [error at 24-05-15 23:05:93] Log: Type:InternalServerError in GET - /views/664504dc6cccb495261b2fca/singlepurchase/1/66450823eee3a0e616f3bf56 from ::1
***[LOGGER]*** [error at 24-05-15 23:05:23] Log: Type:InternalServerError in GET - /views/66450823eee3a0e616f3bf48/purchase from ::1
***[LOGGER]*** [error at 24-05-15 23:05:59] Log: Type:InternalServerError in GET - /views/66450823eee3a0e616f3bf48/purchase from ::1
***[LOGGER]*** [error at 24-05-15 23:05:85] Log: Type:InternalServerError in GET - /views/66450823eee3a0e616f3bf48/purchase from ::1
***[LOGGER]*** [error at 24-05-15 23:05:39] Log: Type:InternalServerError in GET - /views/66450823eee3a0e616f3bf48/purchase from ::1
***[LOGGER]*** [error at 24-05-15 23:05:79] Log: Type:InternalServerError in GET - /views/66450823eee3a0e616f3bf48/purchase from ::1
***[LOGGER]*** [error at 24-05-15 23:05:43] Log: Type:InternalServerError in GET - /views/664504dc6cccb495261b2fce/singlepurchase/1/66450823eee3a0e616f3bf56 from ::1
***[LOGGER]*** [error at 24-05-15 23:05:28] Log: Type:InternalServerError in GET - /views/664504dc6cccb495261b2fcd/singlepurchase/1/66450823eee3a0e616f3bf56 from ::1
***[LOGGER]*** [error at 24-05-15 23:05:92] Log: Type:InternalServerError in GET - /views/664504dc6cccb495261b2fcd/singlepurchase/1/66450823eee3a0e616f3bf56 from ::1
***[LOGGER]*** [error at 24-05-15 23:05:69] Log: Type:InternalServerError in GET - /views/66450823eee3a0e616f3bf48/purchase from ::1
***[LOGGER]*** [error at 24-05-15 23:05:49] Log: Type:InternalServerError in POST - /api/66450823eee3a0e616f3bf44/purchase from ::1
***[LOGGER]*** [error at 24-05-15 23:05:68] Log: Type:InternalServerError in POST - /api/66450823eee3a0e616f3bf44/purchase from ::1
***[LOGGER]*** [error at 24-05-15 23:05:39] Log: Type:InternalServerError in POST - /api/66450823eee3a0e616f3bf44/purchase from ::1
***[LOGGER]*** [error at 24-05-15 23:05:80] Log: Type:InternalServerError in POST - /api/66450823eee3a0e616f3bf44/purchase from ::1
***[LOGGER]*** [error at 24-05-15 23:05:80] Log: Type:InternalServerError in POST - /api/66450823eee3a0e616f3bf44/purchase from ::1
***[LOGGER]*** [error at 24-05-15 23:05:69] Log: Type:InternalServerError in POST - /api/66450823eee3a0e616f3bf44/purchase from ::1
***[LOGGER]*** [error at 24-05-15 23:05:48] Log: Type:InternalServerError in POST - /api/66450823eee3a0e616f3bf44/purchase from ::1
***[LOGGER]*** [error at 24-05-15 23:05:43] Log: Type:InternalServerError in POST - /api/66450823eee3a0e616f3bf44/purchase from ::1
***[LOGGER]*** [error at 24-05-15 23:05:44] Log: Type:InternalServerError in GET - /views/66450823eee3a0e616f3bf44/purchase from ::1
***[LOGGER]*** [error at 24-05-15 23:05:17] Log: Type:InternalServerError in POST - /api/66450823eee3a0e616f3bf44/purchase from ::1
***[LOGGER]*** [error at 24-05-15 23:05:40] Log: Type:InternalServerError in POST - /api/66450823eee3a0e616f3bf44/purchase from ::1
***[LOGGER]*** [error at 24-05-15 23:05:01] Log: Type:InternalServerError in POST - /api/66450823eee3a0e616f3bf44/purchase from ::1
***[LOGGER]*** [error at 24-05-15 23:05:95] Log: Type:InternalServerError in POST - /api/66450823eee3a0e616f3bf44/purchase from ::1
***[LOGGER]*** [error at 24-05-15 23:05:73] Log: Type:InternalServerError in POST - /api/66450823eee3a0e616f3bf44/purchase from ::1
***[LOGGER]*** [error at 24-05-15 23:05:91] Log: Type:InternalServerError in POST - /api/66450823eee3a0e616f3bf44/purchase from ::1
***[LOGGER]*** [error at 24-05-15 23:05:37] Log: Type:InternalServerError in POST - /api/66450823eee3a0e616f3bf44/purchase from ::1
***[LOGGER]*** [error at 24-05-15 23:05:59] Log: Type:InternalServerError in POST - /api/66450823eee3a0e616f3bf44/purchase from ::1
***[LOGGER]*** [error at 24-05-15 23:05:41] Log: Type:InternalServerError in POST - /api/66450823eee3a0e616f3bf44/purchase from ::1
***[LOGGER]*** [error at 24-05-15 23:05:24] Log: Type:InternalServerError in POST - /api/66450823eee3a0e616f3bf44/purchase from ::1
***[LOGGER]*** [error at 24-05-15 23:05:07] Log: Type:InternalServerError in POST - /api/66450823eee3a0e616f3bf44/purchase from ::1
***[LOGGER]*** [error at 24-05-15 23:05:63] Log: Type:InternalServerError in POST - /api/66450823eee3a0e616f3bf44/purchase from ::1
***[LOGGER]*** [error at 24-05-15 23:05:75] Log: Type:InternalServerError in POST - /api/66450823eee3a0e616f3bf44/purchase from ::1
***[LOGGER]*** [error at 24-05-15 23:05:23] Log: Type:InternalServerError in POST - /api/66450823eee3a0e616f3bf44/purchase from ::1
***[LOGGER]*** [error at 24-05-15 23:05:03] Log: Type:InternalServerError in POST - /api/66450823eee3a0e616f3bf44/purchase from ::1
***[LOGGER]*** [error at 24-05-15 23:05:18] Log: Type:InternalServerError in GET - /views/664504dc6cccb495261b2fce/singlepurchase/1/66450823eee3a0e616f3bf52 from ::1
***[LOGGER]*** [error at 24-05-15 23:05:50] Log: Type:InternalServerError in GET - /views/66450823eee3a0e616f3bf44/purchase from ::1
***[LOGGER]*** [error at 24-05-15 23:05:88] Log: Type:InternalServerError in GET - /views/66450823eee3a0e616f3bf44/purchase from ::1
***[LOGGER]*** [error at 24-05-15 23:05:50] Log: Type:InternalServerError in GET - /views/66450823eee3a0e616f3bf44/purchase from ::1
***[LOGGER]*** [error at 24-05-15 23:05:87] Log: Type:InternalServerError in GET - /views/66450823eee3a0e616f3bf44/purchase from ::1
***[LOGGER]*** [error at 24-05-15 23:05:09] Log: Type:InternalServerError in POST - /api/66450823eee3a0e616f3bf44/purchase from ::1
***[LOGGER]*** [error at 24-05-16 00:05:29] Log: Type:InternalServerError in POST - /api/66450823eee3a0e616f3bf44/purchase from ::1
***[LOGGER]*** [error at 24-05-16 00:05:73] Log: Type:InternalServerError in POST - /api/66450823eee3a0e616f3bf44/purchase from ::1
***[LOGGER]*** [error at 24-05-16 00:05:04] Log: Type:InternalServerError in POST - /api/66450823eee3a0e616f3bf44/purchase from ::1
***[LOGGER]*** [error at 24-05-16 00:05:47] Log: Type:InternalServerError in POST - /api/66450823eee3a0e616f3bf44/purchase from ::1
